<?xml version="1.0" encoding="UTF-8"?>
<!-- Generated by org.testng.reporters.JUnitReportReporter -->
<testsuite skipped="0" hostname="E4ML18197" name="org.automation.testing.testcases.TC_002_RegisterNewUser" tests="3" failures="0" timestamp="05 Nov 2017 14:58:21 GMT" time="20.441" errors="0">
  <testcase name="tc_002_RegsiterNewUser" time="6.117" classname="org.automation.testing.testcases.TC_002_RegisterNewUser"/>
  <testcase name="tc_002_RegsiterNewUser" time="8.491" classname="org.automation.testing.testcases.TC_002_RegisterNewUser"/>
  <testcase name="tc_002_RegsiterNewUser" time="5.833" classname="org.automation.testing.testcases.TC_002_RegisterNewUser"/>
</testsuite> <!-- org.automation.testing.testcases.TC_002_RegisterNewUser -->
