<?xml version="1.0" encoding="UTF-8"?>
<!-- Generated by org.testng.reporters.JUnitReportReporter -->
<testsuite skipped="0" hostname="E4ML18197" name="org.automation.testing.testcases.TC_001_ValidateLoginFunctionality" tests="3" failures="0" timestamp="05 Nov 2017 14:58:21 GMT" time="31.871" errors="0">
  <testcase name="tc_001_login_functionality" time="7.086" classname="org.automation.testing.testcases.TC_001_ValidateLoginFunctionality"/>
  <testcase name="tc_001_login_functionality" time="15.944" classname="org.automation.testing.testcases.TC_001_ValidateLoginFunctionality"/>
  <testcase name="tc_001_login_functionality" time="8.841" classname="org.automation.testing.testcases.TC_001_ValidateLoginFunctionality"/>
</testsuite> <!-- org.automation.testing.testcases.TC_001_ValidateLoginFunctionality -->
